<?xml version="1.0" encoding="UTF-8"?>
<testsuite name="com.husker.ojgl.OJGLTest" tests="4" skipped="0" failures="0" errors="0" timestamp="2023-08-28T14:06:49" hostname="HUSKER-PC" time="0.979">
  <properties/>
  <testcase name="testFunctions()" classname="com.husker.ojgl.OJGLTest" time="0.961"/>
  <testcase name="fromCurrent()" classname="com.husker.ojgl.OJGLTest" time="0.005"/>
  <testcase name="createInstance()" classname="com.husker.ojgl.OJGLTest" time="0.004"/>
  <testcase name="createShared()" classname="com.husker.ojgl.OJGLTest" time="0.006"/>
  <system-out><![CDATA[]]></system-out>
  <system-err><![CDATA[]]></system-err>
</testsuite>
